<?xml version="1.0" encoding="UTF-8"?>
<!-- Generated by org.testng.reporters.JUnitReportReporter -->
<testsuite hostname="DESKTOP-HV678ES" name="getRequest.GetData" tests="2" failures="0" timestamp="22 Apr 2019 03:51:39 GMT" time="9.915" errors="0">
  <testcase name="getResponseCode" time="0.744" classname="getRequest.GetData"/>
  <testcase name="getBody" time="9.171" classname="getRequest.GetData"/>
</testsuite> <!-- getRequest.GetData -->
