<?xml version="1.0" encoding="UTF-8"?>
<!-- Generated by org.testng.reporters.JUnitReportReporter -->
<testsuite hostname="DESKTOP-HV678ES" name="getRequest.GetDataStatic" tests="1" failures="0" timestamp="7 May 2019 09:54:39 GMT" time="3.156" errors="0">
  <testcase name="getResponseCode" time="3.156" classname="getRequest.GetDataStatic"/>
</testsuite> <!-- getRequest.GetDataStatic -->
